====================================================
CE06 SMOKE TEST (P6-1-5 Billing Verification)
====================================================
DELETE 4
DELETE 1
DELETE 1
DELETE 1
DELETE 1
[Step 1] Seeding User, Project & Org Data...
INSERT 0 1
INSERT 0 1
INSERT 0 1
[Step 1.1] Seeding Legacy Job for Logic Verification (10 credits for 95123 chars)...
INSERT 0 1
[Step 2] Creating Novel metadata...
Novel ID: 5cf92d16-696b-4a89-8639-194787dc2a0a INSERT 0 1
[Step 3] Pre-checking API...
⚠️ API Not found on :3000. Skipping Upload/Trigger. (Assuming Manual verify mode)
[Step 6] Final Billing Check...
               traceId                | amount | status 
--------------------------------------+--------+--------
 5a51685b-e508-4ec6-b53d-bf428f4165f9 |     10 | POSTED
(1 row)

✅ CE06 SMOKE COMPLETE
