[PHASE-5] Starting Full Audit -> docs/_evidence/p5_full_audit_20260131_201914
[PHASE-5] Reusing P5-0/P5-1 baseline from docs/_evidence/p5_commercial_audit_20260130_233000
[PHASE-5] Running P5-2 Stability Audit...
[STABILITY-AUDIT] Analyzing evidence in: docs/_evidence/p5_full_audit_20260131_201914
✅ [STABILITY-AUDIT] Audit Complete: docs/_evidence/p5_full_audit_20260131_201914/stability_audit.json
   P99 Latency: 820ms
   Raw Errors: 14
   Filtered Errors: 0
   Verdict: PASS
[PHASE-5] Executing Gate Chain...
--- [GATE] P5-0 Throughput Assertion ---
Concurrency: 10
Success Count: 10 / 10
--- [GATE] P5-0 THROUGHPUT PASS ---
--- [GATE] P5-1 Unit Cost Assertion ---
Compute Ratio: 10.14x
Storage Density: 3.98 MB/min
--- [GATE] P5-1 UNIT COST PASS ---
--- [GATE] P5-2 Stability Assertion ---
Verdict: PASS
P99 Latency: 820ms
Error Count: 0
--- [GATE] P5-2 STABILITY PASS ---
[PHASE-5] Generating Evidence Index...
[INDEX] Generated: docs/_evidence/p5_full_audit_20260131_201914/EVIDENCE_INDEX.json (3 files)
[INDEX] Checksums: docs/_evidence/p5_full_audit_20260131_201914/EVIDENCE_INDEX.checksums
✅ [PHASE-5] Full Audit PASS
Evidence: docs/_evidence/p5_full_audit_20260131_201914
