====================================================
STAGE 4: 15M SHREDDER SCALING TEST
Input: uploads/novels/test_novel_3m.txt
====================================================
[Step 1] Seeding Project & Org...
INSERT 0 0
INSERT 0 1
INSERT 0 0
INSERT 0 1
[Step 2] Inserting NOVEL_SCAN_TOC Job (Bypassing Multipart Upload for Load Stability)...
INSERT 0 1
Job Inserted: job_load_20260208_170310
Load Test Started for 3145728 bytes...
[Step 3] Monitoring Load...
[Monitor] Time:0s | Jobs: Total=1 Succ=0 Fail=0 Pen=0 Run=1 | RSS:1370MB
[Monitor] Time:5s | Jobs: Total=9 Succ=2 Fail=0 Pen=7 Run=0 | RSS:1389MB
[Monitor] Time:10s | Jobs: Total=9 Succ=4 Fail=0 Pen=4 Run=1 | RSS:1130MB
[Monitor] Time:15s | Jobs: Total=9 Succ=7 Fail=0 Pen=2 Run=0 | RSS:1160MB
[Monitor] Time:20s | Jobs: Total=9 Succ=9 Fail=0 Pen=0 Run=0 | RSS:1018MB
✅ Load Test Completed in 21s.
Throughput: 142987 bytes/sec
