[2026-01-13 08:12:02] Starting Gate: CE11 Timeline Preview (Commercial Grade)
[2026-01-13 08:12:02] Using API Key: chec...
GATE_UID=1768266722_17731
PROJECT_ID=proj_gate_ce11_1768266722_17731
SCENE_ID=scene_gate_ce11_1768266722_17731
SHOT_ID=shot_gate_ce11_1768266722_17731
DUMMY_ASSET_ID=asset_gate_ce11_1768266722_17731
[2026-01-13 08:12:02] Seeding Dummy Data...
[2026-01-13 08:12:02] Sending API Request (First Attempt)...
[2026-01-13 08:12:02] API Response: 201
[2026-01-13 08:12:02] Created Preview Job: 1cb29873-f0d3-4bc2-aea2-2ec24b575b84
[2026-01-13 08:12:02] Verifying Nonce Replay Protection (Expect 401/4004)...
[2026-01-13 08:12:02] Replay Response Code: 403
[2026-01-13 08:12:02] PASS: Replay request rejected with code 4004 (Spec V1.1 compliant).
[2026-01-13 08:12:02] Verifying Audit Log Entry...
[2026-01-13 08:12:02] PASS: Audit log found (Target Signature aa3e8f6d39a4a5e033a65acae43aac29a89e002af634b284d2d759409a8c4f16 confirmed).
[2026-01-13 08:12:02] Waiting for Job completion (API Polling: GET /api/jobs/:id)...
[2026-01-13 08:12:02] Job Status: PENDING
[2026-01-13 08:12:04] Job Status: SUCCEEDED
[2026-01-13 08:12:04] Verifying generated Asset (ownerType=SCENE, ownerId=scene_gate_ce11_1768266722_17731)...
[2026-01-13 08:12:04] Asset Generated: previews/proj_gate_ce11_1768266722_17731/scene_gate_ce11_1768266722_17731/run-1768266722588_preview.mp4
[2026-01-13 08:12:04] SUCCESS: CE11 Timeline Preview Commercial Closure Passed.
