
> super-caterpillar-universe@1.0.0 typecheck /Users/adam/Desktop/adam/毛毛虫宇宙/Super Caterpillar
> turbo run typecheck

turbo 2.6.3

• Packages in scope: @scu/shared-types, @scu/storage, @scu/worker, api, config, database, web
• Running typecheck in 7 packages
• Remote caching disabled
config:build: cache hit, replaying logs d50b84e4207d647e
config:build: 
config:build: > config@1.0.0 build packages/config
config:build: > tsc
config:build: 
@scu/storage:build: cache hit, replaying logs 7f4531dc59bfcd29
@scu/storage:build: 
@scu/storage:build: > @scu/storage@0.0.1 build packages/storage
@scu/storage:build: > tsc
@scu/storage:build: 
@scu/shared-types:build: cache hit, replaying logs 0533d290dcb6b9b9
@scu/shared-types:build: 
@scu/shared-types:build: > @scu/shared-types@1.0.0 build packages/shared-types
@scu/shared-types:build: > tsc -p tsconfig.build.json
@scu/shared-types:build: 
database:build: cache hit, replaying logs 4ff445c604ffcb93
database:build: 
database:build: > database@1.0.0 build packages/database
database:build: > tsc -p tsconfig.json && cp -r src/generated dist/
database:build: 
api:typecheck: cache hit, replaying logs 766d706baf5311e8
api:typecheck: 
api:typecheck: > api@1.0.0 typecheck apps/api
api:typecheck: > tsc -p tsconfig.json --noEmit
api:typecheck: 

 Tasks:    5 successful, 5 total
Cached:    5 cached, 5 total
  Time:    265ms >>> FULL TURBO

